Build started 3/24/2013 1:25:22 PM.
     1>Project "C:\Users\Bryan\Documents\Visual Studio 2012\Projects\Fluid_Sim_1\Fluid_Sim_1\Fluid_Sim_1.vcxproj" on node 2 (Build target(s)).
     1>ClCompile:
         C:\Program Files (x86)\Microsoft Visual Studio 11.0\VC\bin\CL.exe /c /ZI /nologo /W3 /WX- /Od /Oy- /D _MBCS /Gm /EHsc /RTC1 /MDd /GS /fp:precise /Zc:wchar_t /Zc:forScope /Fo"Debug\\" /Fd"Debug\vc110.pdb" /Gd /TP /analyze- /errorReport:prompt Simulation.cpp simul_funcs.cpp
         simul_funcs.cpp
     1>c:\users\bryan\documents\visual studio 2012\projects\fluid_sim_1\fluid_sim_1\simul_funcs.cpp(91): warning C4018: '<' : signed/unsigned mismatch
     1>c:\users\bryan\documents\visual studio 2012\projects\fluid_sim_1\fluid_sim_1\simul_funcs.cpp(165): warning C4018: '<' : signed/unsigned mismatch
     1>c:\users\bryan\documents\visual studio 2012\projects\fluid_sim_1\fluid_sim_1\simul_funcs.cpp(290): warning C4018: '<' : signed/unsigned mismatch
     1>c:\users\bryan\documents\visual studio 2012\projects\fluid_sim_1\fluid_sim_1\simul_funcs.cpp(521): warning C4018: '<' : signed/unsigned mismatch
     1>c:\users\bryan\documents\visual studio 2012\projects\fluid_sim_1\fluid_sim_1\simul_funcs.cpp(552): warning C4018: '<' : signed/unsigned mismatch
     1>c:\users\bryan\documents\visual studio 2012\projects\fluid_sim_1\fluid_sim_1\simul_funcs.cpp(565): warning C4018: '<' : signed/unsigned mismatch
         Simulation.cpp
     1>c:\users\bryan\documents\visual studio 2012\projects\fluid_sim_1\fluid_sim_1\simulation.cpp(11): warning C4305: 'initializing' : truncation from 'double' to 'const float'
     1>c:\users\bryan\documents\visual studio 2012\projects\fluid_sim_1\fluid_sim_1\simulation.cpp(71): warning C4018: '<' : signed/unsigned mismatch
     1>c:\users\bryan\documents\visual studio 2012\projects\fluid_sim_1\fluid_sim_1\simulation.cpp(73): warning C4244: 'argument' : conversion from 'double' to 'GLfloat', possible loss of data
     1>c:\users\bryan\documents\visual studio 2012\projects\fluid_sim_1\fluid_sim_1\simulation.cpp(107): warning C4018: '<' : signed/unsigned mismatch
     1>c:\users\bryan\documents\visual studio 2012\projects\fluid_sim_1\fluid_sim_1\simulation.cpp(125): warning C4244: '+=' : conversion from 'double' to 'float', possible loss of data
     1>c:\users\bryan\documents\visual studio 2012\projects\fluid_sim_1\fluid_sim_1\simulation.cpp(127): warning C4244: '-=' : conversion from 'double' to 'float', possible loss of data
         Generating Code...
       Link:
         C:\Program Files (x86)\Microsoft Visual Studio 11.0\VC\bin\link.exe /ERRORREPORT:PROMPT /OUT:"C:\Users\Bryan\Documents\Visual Studio 2012\Projects\test\Debug\Fluid_Sim_1.exe" /INCREMENTAL /NOLOGO opengl32.lib glfw.lib glu32.lib kernel32.lib user32.lib gdi32.lib winspool.lib comdlg32.lib advapi32.lib shell32.lib ole32.lib oleaut32.lib uuid.lib odbc32.lib odbccp32.lib /MANIFEST /MANIFESTUAC:"level='asInvoker' uiAccess='false'" /manifest:embed /DEBUG /PDB:"C:\Users\Bryan\Documents\Visual Studio 2012\Projects\test\Debug\Fluid_Sim_1.pdb" /TLBID:1 /DYNAMICBASE /NXCOMPAT /IMPLIB:"C:\Users\Bryan\Documents\Visual Studio 2012\Projects\test\Debug\Fluid_Sim_1.lib" /MACHINE:X86 Debug\Simulation.obj
         Debug\simul_funcs.obj
     1>LINK : warning LNK4098: defaultlib 'MSVCRT' conflicts with use of other libs; use /NODEFAULTLIB:library
     1>glfw.lib(enable.obj) : warning LNK4099: PDB 'vc110.pdb' was not found with 'glfw.lib(enable.obj)' or at 'C:\Users\Bryan\Documents\Visual Studio 2012\Projects\test\Debug\vc110.pdb'; linking object as if no debug info
     1>glfw.lib(glext.obj) : warning LNK4099: PDB 'vc110.pdb' was not found with 'glfw.lib(glext.obj)' or at 'C:\Users\Bryan\Documents\Visual Studio 2012\Projects\test\Debug\vc110.pdb'; linking object as if no debug info
     1>glfw.lib(init.obj) : warning LNK4099: PDB 'vc110.pdb' was not found with 'glfw.lib(init.obj)' or at 'C:\Users\Bryan\Documents\Visual Studio 2012\Projects\test\Debug\vc110.pdb'; linking object as if no debug info
     1>glfw.lib(input.obj) : warning LNK4099: PDB 'vc110.pdb' was not found with 'glfw.lib(input.obj)' or at 'C:\Users\Bryan\Documents\Visual Studio 2012\Projects\test\Debug\vc110.pdb'; linking object as if no debug info
     1>glfw.lib(time.obj) : warning LNK4099: PDB 'vc110.pdb' was not found with 'glfw.lib(time.obj)' or at 'C:\Users\Bryan\Documents\Visual Studio 2012\Projects\test\Debug\vc110.pdb'; linking object as if no debug info
     1>glfw.lib(win32_enable.obj) : warning LNK4099: PDB 'vc110.pdb' was not found with 'glfw.lib(win32_enable.obj)' or at 'C:\Users\Bryan\Documents\Visual Studio 2012\Projects\test\Debug\vc110.pdb'; linking object as if no debug info
     1>glfw.lib(win32_fullscreen.obj) : warning LNK4099: PDB 'vc110.pdb' was not found with 'glfw.lib(win32_fullscreen.obj)' or at 'C:\Users\Bryan\Documents\Visual Studio 2012\Projects\test\Debug\vc110.pdb'; linking object as if no debug info
     1>glfw.lib(win32_glext.obj) : warning LNK4099: PDB 'vc110.pdb' was not found with 'glfw.lib(win32_glext.obj)' or at 'C:\Users\Bryan\Documents\Visual Studio 2012\Projects\test\Debug\vc110.pdb'; linking object as if no debug info
     1>glfw.lib(win32_init.obj) : warning LNK4099: PDB 'vc110.pdb' was not found with 'glfw.lib(win32_init.obj)' or at 'C:\Users\Bryan\Documents\Visual Studio 2012\Projects\test\Debug\vc110.pdb'; linking object as if no debug info
     1>glfw.lib(win32_time.obj) : warning LNK4099: PDB 'vc110.pdb' was not found with 'glfw.lib(win32_time.obj)' or at 'C:\Users\Bryan\Documents\Visual Studio 2012\Projects\test\Debug\vc110.pdb'; linking object as if no debug info
     1>glfw.lib(win32_window.obj) : warning LNK4099: PDB 'vc110.pdb' was not found with 'glfw.lib(win32_window.obj)' or at 'C:\Users\Bryan\Documents\Visual Studio 2012\Projects\test\Debug\vc110.pdb'; linking object as if no debug info
     1>glfw.lib(window.obj) : warning LNK4099: PDB 'vc110.pdb' was not found with 'glfw.lib(window.obj)' or at 'C:\Users\Bryan\Documents\Visual Studio 2012\Projects\test\Debug\vc110.pdb'; linking object as if no debug info
         Fluid_Sim_1.vcxproj -> C:\Users\Bryan\Documents\Visual Studio 2012\Projects\test\Debug\Fluid_Sim_1.exe
     1>Done Building Project "C:\Users\Bryan\Documents\Visual Studio 2012\Projects\Fluid_Sim_1\Fluid_Sim_1\Fluid_Sim_1.vcxproj" (Build target(s)).

Build succeeded.

Time Elapsed 00:00:03.67
