C:\USERS\BRYAN\DOCUMENTS\VISUAL STUDIO 2012\PROJECTS\FLUID_SIM_1\FLUID_SIM_1\RELEASE\SIMUL_FUNCS.OBJ
C:\USERS\BRYAN\DOCUMENTS\VISUAL STUDIO 2012\PROJECTS\FLUID_SIM_1\FLUID_SIM_1\RELEASE\SIMULATION.OBJ
C:\USERS\BRYAN\DOCUMENTS\VISUAL STUDIO 2012\PROJECTS\FLUID_SIM_1\FLUID_SIM_1\RELEASE\VC110.PDB
C:\USERS\BRYAN\DOCUMENTS\VISUAL STUDIO 2012\PROJECTS\FLUID_SIM_1\RELEASE\FLUID_SIM_1.EXE
C:\USERS\BRYAN\DOCUMENTS\VISUAL STUDIO 2012\PROJECTS\FLUID_SIM_1\RELEASE\FLUID_SIM_1.PDB
C:\Users\Bryan\Documents\Visual Studio 2012\Projects\Fluid_Sim_1\Fluid_Sim_1\Release\Simulation.obj
C:\Users\Bryan\Documents\Visual Studio 2012\Projects\Fluid_Sim_1\Fluid_Sim_1\Release\simul_funcs.obj
C:\Users\Bryan\Documents\Visual Studio 2012\Projects\Fluid_Sim_1\Fluid_Sim_1\Release\cl.command.1.tlog
C:\Users\Bryan\Documents\Visual Studio 2012\Projects\Fluid_Sim_1\Fluid_Sim_1\Release\CL.read.1.tlog
C:\Users\Bryan\Documents\Visual Studio 2012\Projects\Fluid_Sim_1\Fluid_Sim_1\Release\CL.write.1.tlog
C:\Users\Bryan\Documents\Visual Studio 2012\Projects\Fluid_Sim_1\Fluid_Sim_1\Release\link-cvtres.read.1.tlog
C:\Users\Bryan\Documents\Visual Studio 2012\Projects\Fluid_Sim_1\Fluid_Sim_1\Release\link-cvtres.write.1.tlog
C:\Users\Bryan\Documents\Visual Studio 2012\Projects\Fluid_Sim_1\Fluid_Sim_1\Release\link-rc.read.1.tlog
C:\Users\Bryan\Documents\Visual Studio 2012\Projects\Fluid_Sim_1\Fluid_Sim_1\Release\link-rc.write.1.tlog
C:\Users\Bryan\Documents\Visual Studio 2012\Projects\Fluid_Sim_1\Fluid_Sim_1\Release\link.command.1.tlog
C:\Users\Bryan\Documents\Visual Studio 2012\Projects\Fluid_Sim_1\Fluid_Sim_1\Release\link.read.1.tlog
C:\Users\Bryan\Documents\Visual Studio 2012\Projects\Fluid_Sim_1\Fluid_Sim_1\Release\link.write.1.tlog
C:\Users\Bryan\Documents\Visual Studio 2012\Projects\Fluid_Sim_1\Fluid_Sim_1\Release\vc110.pdb
C:\Users\Bryan\Documents\Visual Studio 2012\Projects\Fluid_Sim_1\Release\Fluid_Sim_1.pdb
C:\Users\Bryan\Documents\Visual Studio 2012\Projects\Fluid_Sim_1\Release\Fluid_Sim_1.exe
